{"/Users/baijie/Desktop/study/myBlog/index.js":{"path":"/Users/baijie/Desktop/study/myBlog/index.js","s":{"1":1,"2":1,"3":1,"4":1,"5":1,"6":1,"7":1,"8":1,"9":1,"10":1,"11":1,"12":1,"13":1,"14":1,"15":1,"16":1,"17":1,"18":1,"19":1,"20":0,"21":0,"22":0,"23":0,"24":1,"25":1,"26":1,"27":1,"28":0,"29":0,"30":0,"31":1,"32":1,"33":0,"34":0},"b":{"1":[1,0]},"f":{"1":0,"2":0,"3":0},"fnMap":{"1":{"name":"(anonymous_1)","line":50,"loc":{"start":{"line":50,"column":8},"end":{"line":50,"column":34}}},"2":{"name":"(anonymous_2)","line":82,"loc":{"start":{"line":82,"column":8},"end":{"line":82,"column":39}}},"3":{"name":"(anonymous_3)","line":94,"loc":{"start":{"line":94,"column":26},"end":{"line":94,"column":38}}}},"statementMap":{"1":{"start":{"line":1,"column":0},"end":{"line":1,"column":28}},"2":{"start":{"line":2,"column":0},"end":{"line":2,"column":34}},"3":{"start":{"line":3,"column":0},"end":{"line":3,"column":42}},"4":{"start":{"line":4,"column":0},"end":{"line":4,"column":52}},"5":{"start":{"line":5,"column":0},"end":{"line":5,"column":38}},"6":{"start":{"line":6,"column":0},"end":{"line":6,"column":48}},"7":{"start":{"line":7,"column":0},"end":{"line":7,"column":34}},"8":{"start":{"line":8,"column":0},"end":{"line":8,"column":32}},"9":{"start":{"line":9,"column":0},"end":{"line":9,"column":34}},"10":{"start":{"line":10,"column":0},"end":{"line":10,"column":49}},"11":{"start":{"line":12,"column":0},"end":{"line":12,"column":21}},"12":{"start":{"line":15,"column":0},"end":{"line":15,"column":47}},"13":{"start":{"line":17,"column":0},"end":{"line":17,"column":29}},"14":{"start":{"line":20,"column":0},"end":{"line":20,"column":55}},"15":{"start":{"line":22,"column":0},"end":{"line":33,"column":3}},"16":{"start":{"line":35,"column":0},"end":{"line":35,"column":16}},"17":{"start":{"line":38,"column":0},"end":{"line":41,"column":3}},"18":{"start":{"line":44,"column":0},"end":{"line":47,"column":1}},"19":{"start":{"line":50,"column":0},"end":{"line":55,"column":2}},"20":{"start":{"line":51,"column":2},"end":{"line":51,"column":36}},"21":{"start":{"line":52,"column":2},"end":{"line":52,"column":54}},"22":{"start":{"line":53,"column":2},"end":{"line":53,"column":50}},"23":{"start":{"line":54,"column":2},"end":{"line":54,"column":8}},"24":{"start":{"line":58,"column":0},"end":{"line":68,"column":3}},"25":{"start":{"line":69,"column":0},"end":{"line":69,"column":11}},"26":{"start":{"line":70,"column":0},"end":{"line":80,"column":3}},"27":{"start":{"line":82,"column":0},"end":{"line":86,"column":2}},"28":{"start":{"line":83,"column":2},"end":{"line":83,"column":18}},"29":{"start":{"line":84,"column":2},"end":{"line":84,"column":33}},"30":{"start":{"line":85,"column":2},"end":{"line":85,"column":24}},"31":{"start":{"line":89,"column":0},"end":{"line":97,"column":1}},"32":{"start":{"line":91,"column":2},"end":{"line":91,"column":22}},"33":{"start":{"line":94,"column":2},"end":{"line":96,"column":4}},"34":{"start":{"line":95,"column":4},"end":{"line":95,"column":63}}},"branchMap":{"1":{"line":89,"type":"if","locations":[{"start":{"line":89,"column":0},"end":{"line":89,"column":0}},{"start":{"line":89,"column":0},"end":{"line":89,"column":0}}]}}},"/Users/baijie/Desktop/study/myBlog/config/default.js":{"path":"/Users/baijie/Desktop/study/myBlog/config/default.js","s":{"1":1},"b":{},"f":{},"fnMap":{},"statementMap":{"1":{"start":{"line":1,"column":0},"end":{"line":9,"column":1}}},"branchMap":{}},"/Users/baijie/Desktop/study/myBlog/routes/index.js":{"path":"/Users/baijie/Desktop/study/myBlog/routes/index.js","s":{"1":1,"2":1,"3":0,"4":1,"5":1,"6":1,"7":1,"8":1,"9":1,"10":0,"11":0},"b":{"1":[0,0]},"f":{"1":1,"2":0,"3":0},"fnMap":{"1":{"name":"(anonymous_1)","line":1,"loc":{"start":{"line":1,"column":17},"end":{"line":1,"column":32}}},"2":{"name":"(anonymous_2)","line":2,"loc":{"start":{"line":2,"column":15},"end":{"line":2,"column":35}}},"3":{"name":"(anonymous_3)","line":11,"loc":{"start":{"line":11,"column":10},"end":{"line":11,"column":29}}}},"statementMap":{"1":{"start":{"line":1,"column":0},"end":{"line":16,"column":1}},"2":{"start":{"line":2,"column":2},"end":{"line":4,"column":4}},"3":{"start":{"line":3,"column":4},"end":{"line":3,"column":26}},"4":{"start":{"line":5,"column":2},"end":{"line":5,"column":41}},"5":{"start":{"line":6,"column":2},"end":{"line":6,"column":41}},"6":{"start":{"line":7,"column":2},"end":{"line":7,"column":43}},"7":{"start":{"line":8,"column":2},"end":{"line":8,"column":39}},"8":{"start":{"line":9,"column":2},"end":{"line":9,"column":45}},"9":{"start":{"line":11,"column":2},"end":{"line":15,"column":4}},"10":{"start":{"line":12,"column":4},"end":{"line":14,"column":5}},"11":{"start":{"line":13,"column":6},"end":{"line":13,"column":35}}},"branchMap":{"1":{"line":12,"type":"if","locations":[{"start":{"line":12,"column":4},"end":{"line":12,"column":4}},{"start":{"line":12,"column":4},"end":{"line":12,"column":4}}]}}},"/Users/baijie/Desktop/study/myBlog/routes/signup.js":{"path":"/Users/baijie/Desktop/study/myBlog/routes/signup.js","s":{"1":1,"2":1,"3":1,"4":1,"5":1,"6":1,"7":1,"8":1,"9":0,"10":1,"11":0,"12":0,"13":0,"14":0,"15":0,"16":0,"17":0,"18":0,"19":0,"20":0,"21":0,"22":0,"23":0,"24":0,"25":0,"26":0,"27":0,"28":0,"29":0,"30":0,"31":0,"32":0,"33":0,"34":0,"35":0,"36":0,"37":0,"38":0,"39":0,"40":0,"41":0,"42":0,"43":0,"44":1},"b":{"1":[0,0],"2":[0,0],"3":[0,0],"4":[0,0],"5":[0,0],"6":[0,0],"7":[0,0],"8":[0,0]},"f":{"1":0,"2":0,"3":0,"4":0},"fnMap":{"1":{"name":"(anonymous_1)","line":12,"loc":{"start":{"line":12,"column":31},"end":{"line":12,"column":57}}},"2":{"name":"(anonymous_2)","line":18,"loc":{"start":{"line":18,"column":32},"end":{"line":18,"column":58}}},"3":{"name":"(anonymous_3)","line":63,"loc":{"start":{"line":63,"column":10},"end":{"line":63,"column":28}}},"4":{"name":"(anonymous_4)","line":70,"loc":{"start":{"line":70,"column":11},"end":{"line":70,"column":24}}}},"statementMap":{"1":{"start":{"line":1,"column":0},"end":{"line":1,"column":34}},"2":{"start":{"line":2,"column":0},"end":{"line":2,"column":31}},"3":{"start":{"line":4,"column":0},"end":{"line":4,"column":24}},"4":{"start":{"line":5,"column":0},"end":{"line":5,"column":28}},"5":{"start":{"line":6,"column":0},"end":{"line":6,"column":28}},"6":{"start":{"line":7,"column":0},"end":{"line":7,"column":44}},"7":{"start":{"line":9,"column":0},"end":{"line":9,"column":67}},"8":{"start":{"line":12,"column":0},"end":{"line":14,"column":2}},"9":{"start":{"line":13,"column":2},"end":{"line":13,"column":22}},"10":{"start":{"line":18,"column":0},"end":{"line":78,"column":2}},"11":{"start":{"line":19,"column":2},"end":{"line":19,"column":30}},"12":{"start":{"line":20,"column":2},"end":{"line":20,"column":34}},"13":{"start":{"line":21,"column":2},"end":{"line":21,"column":28}},"14":{"start":{"line":22,"column":2},"end":{"line":22,"column":60}},"15":{"start":{"line":23,"column":2},"end":{"line":23,"column":36}},"16":{"start":{"line":24,"column":2},"end":{"line":24,"column":41}},"17":{"start":{"line":26,"column":2},"end":{"line":49,"column":3}},"18":{"start":{"line":27,"column":4},"end":{"line":29,"column":5}},"19":{"start":{"line":28,"column":6},"end":{"line":28,"column":40}},"20":{"start":{"line":30,"column":4},"end":{"line":32,"column":5}},"21":{"start":{"line":31,"column":6},"end":{"line":31,"column":38}},"22":{"start":{"line":33,"column":4},"end":{"line":35,"column":5}},"23":{"start":{"line":34,"column":6},"end":{"line":34,"column":42}},"24":{"start":{"line":36,"column":4},"end":{"line":38,"column":5}},"25":{"start":{"line":37,"column":6},"end":{"line":37,"column":29}},"26":{"start":{"line":39,"column":4},"end":{"line":41,"column":5}},"27":{"start":{"line":40,"column":6},"end":{"line":40,"column":35}},"28":{"start":{"line":46,"column":4},"end":{"line":46,"column":36}},"29":{"start":{"line":47,"column":4},"end":{"line":47,"column":33}},"30":{"start":{"line":48,"column":4},"end":{"line":48,"column":34}},"31":{"start":{"line":51,"column":2},"end":{"line":51,"column":27}},"32":{"start":{"line":53,"column":2},"end":{"line":59,"column":3}},"33":{"start":{"line":62,"column":2},"end":{"line":77,"column":6}},"34":{"start":{"line":64,"column":6},"end":{"line":64,"column":26}},"35":{"start":{"line":65,"column":6},"end":{"line":65,"column":26}},"36":{"start":{"line":66,"column":6},"end":{"line":66,"column":29}},"37":{"start":{"line":67,"column":6},"end":{"line":67,"column":34}},"38":{"start":{"line":68,"column":6},"end":{"line":68,"column":28}},"39":{"start":{"line":71,"column":6},"end":{"line":71,"column":38}},"40":{"start":{"line":72,"column":6},"end":{"line":75,"column":7}},"41":{"start":{"line":73,"column":8},"end":{"line":73,"column":37}},"42":{"start":{"line":74,"column":8},"end":{"line":74,"column":38}},"43":{"start":{"line":76,"column":6},"end":{"line":76,"column":13}},"44":{"start":{"line":80,"column":0},"end":{"line":80,"column":23}}},"branchMap":{"1":{"line":27,"type":"if","locations":[{"start":{"line":27,"column":4},"end":{"line":27,"column":4}},{"start":{"line":27,"column":4},"end":{"line":27,"column":4}}]},"2":{"line":27,"type":"binary-expr","locations":[{"start":{"line":27,"column":10},"end":{"line":27,"column":26}},{"start":{"line":27,"column":30},"end":{"line":27,"column":47}}]},"3":{"line":30,"type":"if","locations":[{"start":{"line":30,"column":4},"end":{"line":30,"column":4}},{"start":{"line":30,"column":4},"end":{"line":30,"column":4}}]},"4":{"line":33,"type":"if","locations":[{"start":{"line":33,"column":4},"end":{"line":33,"column":4}},{"start":{"line":33,"column":4},"end":{"line":33,"column":4}}]},"5":{"line":33,"type":"binary-expr","locations":[{"start":{"line":33,"column":10},"end":{"line":33,"column":25}},{"start":{"line":33,"column":29},"end":{"line":33,"column":45}}]},"6":{"line":36,"type":"if","locations":[{"start":{"line":36,"column":4},"end":{"line":36,"column":4}},{"start":{"line":36,"column":4},"end":{"line":36,"column":4}}]},"7":{"line":39,"type":"if","locations":[{"start":{"line":39,"column":4},"end":{"line":39,"column":4}},{"start":{"line":39,"column":4},"end":{"line":39,"column":4}}]},"8":{"line":72,"type":"if","locations":[{"start":{"line":72,"column":6},"end":{"line":72,"column":6}},{"start":{"line":72,"column":6},"end":{"line":72,"column":6}}]}}},"/Users/baijie/Desktop/study/myBlog/models/users.js":{"path":"/Users/baijie/Desktop/study/myBlog/models/users.js","s":{"1":1,"2":1,"3":0,"4":0},"b":{},"f":{"1":0,"2":0},"fnMap":{"1":{"name":"create","line":4,"loc":{"start":{"line":4,"column":10},"end":{"line":4,"column":32}}},"2":{"name":"getUserByName","line":7,"loc":{"start":{"line":7,"column":17},"end":{"line":7,"column":46}}}},"statementMap":{"1":{"start":{"line":1,"column":0},"end":{"line":1,"column":41}},"2":{"start":{"line":3,"column":0},"end":{"line":12,"column":1}},"3":{"start":{"line":5,"column":4},"end":{"line":5,"column":35}},"4":{"start":{"line":8,"column":4},"end":{"line":10,"column":13}}},"branchMap":{}},"/Users/baijie/Desktop/study/myBlog/lib/mongo.js":{"path":"/Users/baijie/Desktop/study/myBlog/lib/mongo.js","s":{"1":1,"2":1,"3":1,"4":1,"5":1,"6":1,"7":1,"8":1,"9":1,"10":0,"11":0,"12":0,"13":0,"14":0,"15":0,"16":1,"17":1,"18":1,"19":1},"b":{"1":[0,0]},"f":{"1":0,"2":0,"3":0},"fnMap":{"1":{"name":"(anonymous_1)","line":19,"loc":{"start":{"line":19,"column":13},"end":{"line":19,"column":32}}},"2":{"name":"(anonymous_2)","line":20,"loc":{"start":{"line":20,"column":20},"end":{"line":20,"column":36}}},"3":{"name":"(anonymous_3)","line":25,"loc":{"start":{"line":25,"column":16},"end":{"line":25,"column":34}}}},"statementMap":{"1":{"start":{"line":1,"column":0},"end":{"line":1,"column":48}},"2":{"start":{"line":2,"column":0},"end":{"line":2,"column":38}},"3":{"start":{"line":3,"column":0},"end":{"line":3,"column":33}},"4":{"start":{"line":4,"column":0},"end":{"line":4,"column":33}},"5":{"start":{"line":6,"column":0},"end":{"line":6,"column":32}},"6":{"start":{"line":7,"column":0},"end":{"line":7,"column":60}},"7":{"start":{"line":9,"column":0},"end":{"line":15,"column":2}},"8":{"start":{"line":16,"column":0},"end":{"line":16,"column":56}},"9":{"start":{"line":18,"column":0},"end":{"line":31,"column":2}},"10":{"start":{"line":20,"column":4},"end":{"line":22,"column":6}},"11":{"start":{"line":21,"column":6},"end":{"line":21,"column":88}},"12":{"start":{"line":23,"column":4},"end":{"line":23,"column":18}},"13":{"start":{"line":26,"column":4},"end":{"line":28,"column":5}},"14":{"start":{"line":27,"column":6},"end":{"line":27,"column":92}},"15":{"start":{"line":29,"column":4},"end":{"line":29,"column":17}},"16":{"start":{"line":33,"column":0},"end":{"line":38,"column":2}},"17":{"start":{"line":39,"column":0},"end":{"line":39,"column":49}},"18":{"start":{"line":41,"column":0},"end":{"line":45,"column":2}},"19":{"start":{"line":46,"column":0},"end":{"line":46,"column":51}}},"branchMap":{"1":{"line":26,"type":"if","locations":[{"start":{"line":26,"column":4},"end":{"line":26,"column":4}},{"start":{"line":26,"column":4},"end":{"line":26,"column":4}}]}}},"/Users/baijie/Desktop/study/myBlog/middlewares/check.js":{"path":"/Users/baijie/Desktop/study/myBlog/middlewares/check.js","s":{"1":1,"2":0,"3":0,"4":0,"5":0,"6":0,"7":0,"8":0,"9":0},"b":{"1":[0,0],"2":[0,0]},"f":{"1":0,"2":0},"fnMap":{"1":{"name":"checkLogin","line":2,"loc":{"start":{"line":2,"column":14},"end":{"line":2,"column":50}}},"2":{"name":"checkNotLogin","line":10,"loc":{"start":{"line":10,"column":17},"end":{"line":10,"column":56}}}},"statementMap":{"1":{"start":{"line":1,"column":0},"end":{"line":17,"column":1}},"2":{"start":{"line":3,"column":4},"end":{"line":6,"column":5}},"3":{"start":{"line":4,"column":6},"end":{"line":4,"column":31}},"4":{"start":{"line":5,"column":6},"end":{"line":5,"column":36}},"5":{"start":{"line":7,"column":4},"end":{"line":7,"column":10}},"6":{"start":{"line":11,"column":4},"end":{"line":14,"column":5}},"7":{"start":{"line":12,"column":6},"end":{"line":12,"column":31}},"8":{"start":{"line":13,"column":6},"end":{"line":13,"column":33}},"9":{"start":{"line":15,"column":4},"end":{"line":15,"column":10}}},"branchMap":{"1":{"line":3,"type":"if","locations":[{"start":{"line":3,"column":4},"end":{"line":3,"column":4}},{"start":{"line":3,"column":4},"end":{"line":3,"column":4}}]},"2":{"line":11,"type":"if","locations":[{"start":{"line":11,"column":4},"end":{"line":11,"column":4}},{"start":{"line":11,"column":4},"end":{"line":11,"column":4}}]}}},"/Users/baijie/Desktop/study/myBlog/routes/signin.js":{"path":"/Users/baijie/Desktop/study/myBlog/routes/signin.js","s":{"1":1,"2":1,"3":1,"4":1,"5":1,"6":1,"7":0,"8":1,"9":0,"10":0,"11":0,"12":0,"13":0,"14":0,"15":0,"16":0,"17":0,"18":0,"19":0,"20":0,"21":0,"22":0,"23":0,"24":0,"25":0,"26":0,"27":0,"28":1},"b":{"1":[0,0],"2":[0,0],"3":[0,0],"4":[0,0]},"f":{"1":0,"2":0,"3":0},"fnMap":{"1":{"name":"(anonymous_1)","line":9,"loc":{"start":{"line":9,"column":31},"end":{"line":9,"column":57}}},"2":{"name":"(anonymous_2)","line":14,"loc":{"start":{"line":14,"column":32},"end":{"line":14,"column":58}}},"3":{"name":"(anonymous_3)","line":31,"loc":{"start":{"line":31,"column":10},"end":{"line":31,"column":26}}}},"statementMap":{"1":{"start":{"line":1,"column":0},"end":{"line":1,"column":34}},"2":{"start":{"line":2,"column":0},"end":{"line":2,"column":31}},"3":{"start":{"line":3,"column":0},"end":{"line":3,"column":28}},"4":{"start":{"line":4,"column":0},"end":{"line":4,"column":44}},"5":{"start":{"line":6,"column":0},"end":{"line":6,"column":67}},"6":{"start":{"line":9,"column":0},"end":{"line":11,"column":2}},"7":{"start":{"line":10,"column":2},"end":{"line":10,"column":22}},"8":{"start":{"line":14,"column":0},"end":{"line":45,"column":2}},"9":{"start":{"line":15,"column":2},"end":{"line":15,"column":30}},"10":{"start":{"line":16,"column":2},"end":{"line":16,"column":38}},"11":{"start":{"line":18,"column":2},"end":{"line":28,"column":3}},"12":{"start":{"line":19,"column":4},"end":{"line":21,"column":5}},"13":{"start":{"line":20,"column":6},"end":{"line":20,"column":31}},"14":{"start":{"line":22,"column":4},"end":{"line":24,"column":5}},"15":{"start":{"line":23,"column":6},"end":{"line":23,"column":30}},"16":{"start":{"line":26,"column":4},"end":{"line":26,"column":33}},"17":{"start":{"line":27,"column":4},"end":{"line":27,"column":31}},"18":{"start":{"line":30,"column":2},"end":{"line":44,"column":16}},"19":{"start":{"line":32,"column":6},"end":{"line":34,"column":7}},"20":{"start":{"line":33,"column":8},"end":{"line":33,"column":35}},"21":{"start":{"line":35,"column":6},"end":{"line":38,"column":7}},"22":{"start":{"line":36,"column":8},"end":{"line":36,"column":38}},"23":{"start":{"line":37,"column":8},"end":{"line":37,"column":35}},"24":{"start":{"line":39,"column":6},"end":{"line":39,"column":34}},"25":{"start":{"line":40,"column":6},"end":{"line":40,"column":26}},"26":{"start":{"line":41,"column":6},"end":{"line":41,"column":29}},"27":{"start":{"line":42,"column":6},"end":{"line":42,"column":28}},"28":{"start":{"line":47,"column":0},"end":{"line":47,"column":23}}},"branchMap":{"1":{"line":19,"type":"if","locations":[{"start":{"line":19,"column":4},"end":{"line":19,"column":4}},{"start":{"line":19,"column":4},"end":{"line":19,"column":4}}]},"2":{"line":22,"type":"if","locations":[{"start":{"line":22,"column":4},"end":{"line":22,"column":4}},{"start":{"line":22,"column":4},"end":{"line":22,"column":4}}]},"3":{"line":32,"type":"if","locations":[{"start":{"line":32,"column":6},"end":{"line":32,"column":6}},{"start":{"line":32,"column":6},"end":{"line":32,"column":6}}]},"4":{"line":35,"type":"if","locations":[{"start":{"line":35,"column":6},"end":{"line":35,"column":6}},{"start":{"line":35,"column":6},"end":{"line":35,"column":6}}]}}},"/Users/baijie/Desktop/study/myBlog/routes/signout.js":{"path":"/Users/baijie/Desktop/study/myBlog/routes/signout.js","s":{"1":1,"2":1,"3":1,"4":1,"5":0,"6":0,"7":0,"8":1},"b":{},"f":{"1":0},"fnMap":{"1":{"name":"(anonymous_1)","line":7,"loc":{"start":{"line":7,"column":28},"end":{"line":7,"column":54}}}},"statementMap":{"1":{"start":{"line":1,"column":0},"end":{"line":1,"column":34}},"2":{"start":{"line":2,"column":0},"end":{"line":2,"column":31}},"3":{"start":{"line":4,"column":0},"end":{"line":4,"column":61}},"4":{"start":{"line":7,"column":0},"end":{"line":11,"column":2}},"5":{"start":{"line":8,"column":2},"end":{"line":8,"column":25}},"6":{"start":{"line":9,"column":2},"end":{"line":9,"column":30}},"7":{"start":{"line":10,"column":2},"end":{"line":10,"column":24}},"8":{"start":{"line":13,"column":0},"end":{"line":13,"column":23}}},"branchMap":{}},"/Users/baijie/Desktop/study/myBlog/routes/posts.js":{"path":"/Users/baijie/Desktop/study/myBlog/routes/posts.js","s":{"1":1,"2":1,"3":1,"4":1,"5":1,"6":1,"7":0,"8":0,"9":0,"10":1,"11":0,"12":1,"13":0,"14":0,"15":0,"16":0,"17":0,"18":0,"19":0,"20":0,"21":0,"22":0,"23":0,"24":0,"25":0,"26":0,"27":0,"28":1,"29":0,"30":0,"31":0,"32":0,"33":0,"34":0,"35":0,"36":1,"37":0,"38":0,"39":0,"40":0,"41":0,"42":0,"43":0,"44":0,"45":1,"46":0,"47":0,"48":0,"49":0,"50":0,"51":0,"52":0,"53":0,"54":0,"55":0,"56":0,"57":0,"58":0,"59":0,"60":0,"61":0,"62":0,"63":0,"64":0,"65":1,"66":0,"67":0,"68":0,"69":0,"70":0,"71":0,"72":0,"73":0,"74":0,"75":0,"76":1},"b":{"1":[0,0],"2":[0,0],"3":[0,0],"4":[0,0],"5":[0,0],"6":[0,0],"7":[0,0],"8":[0,0],"9":[0,0],"10":[0,0],"11":[0,0]},"f":{"1":0,"2":0,"3":0,"4":0,"5":0,"6":0,"7":0,"8":0,"9":0,"10":0,"11":0,"12":0,"13":0,"14":0,"15":0},"fnMap":{"1":{"name":"(anonymous_1)","line":10,"loc":{"start":{"line":10,"column":16},"end":{"line":10,"column":42}}},"2":{"name":"(anonymous_2)","line":12,"loc":{"start":{"line":12,"column":34},"end":{"line":12,"column":51}}},"3":{"name":"(anonymous_3)","line":21,"loc":{"start":{"line":21,"column":34},"end":{"line":21,"column":60}}},"4":{"name":"(anonymous_4)","line":26,"loc":{"start":{"line":26,"column":35},"end":{"line":26,"column":61}}},"5":{"name":"(anonymous_5)","line":50,"loc":{"start":{"line":50,"column":10},"end":{"line":50,"column":28}}},"6":{"name":"(anonymous_6)","line":59,"loc":{"start":{"line":59,"column":23},"end":{"line":59,"column":49}}},"7":{"name":"(anonymous_7)","line":65,"loc":{"start":{"line":65,"column":10},"end":{"line":65,"column":28}}},"8":{"name":"(anonymous_8)","line":79,"loc":{"start":{"line":79,"column":40},"end":{"line":79,"column":66}}},"9":{"name":"(anonymous_9)","line":82,"loc":{"start":{"line":82,"column":40},"end":{"line":82,"column":56}}},"10":{"name":"(anonymous_10)","line":96,"loc":{"start":{"line":96,"column":41},"end":{"line":96,"column":67}}},"11":{"name":"(anonymous_11)","line":114,"loc":{"start":{"line":114,"column":40},"end":{"line":114,"column":56}}},"12":{"name":"(anonymous_12)","line":123,"loc":{"start":{"line":123,"column":12},"end":{"line":123,"column":24}}},"13":{"name":"(anonymous_13)","line":131,"loc":{"start":{"line":131,"column":42},"end":{"line":131,"column":68}}},"14":{"name":"(anonymous_14)","line":135,"loc":{"start":{"line":135,"column":40},"end":{"line":135,"column":56}}},"15":{"name":"(anonymous_15)","line":143,"loc":{"start":{"line":143,"column":39},"end":{"line":143,"column":51}}}},"statementMap":{"1":{"start":{"line":1,"column":0},"end":{"line":1,"column":34}},"2":{"start":{"line":2,"column":0},"end":{"line":2,"column":31}},"3":{"start":{"line":3,"column":0},"end":{"line":3,"column":44}},"4":{"start":{"line":4,"column":0},"end":{"line":4,"column":50}},"5":{"start":{"line":6,"column":0},"end":{"line":6,"column":61}},"6":{"start":{"line":10,"column":0},"end":{"line":17,"column":2}},"7":{"start":{"line":11,"column":2},"end":{"line":11,"column":33}},"8":{"start":{"line":12,"column":2},"end":{"line":16,"column":16}},"9":{"start":{"line":13,"column":4},"end":{"line":15,"column":6}},"10":{"start":{"line":21,"column":0},"end":{"line":23,"column":2}},"11":{"start":{"line":22,"column":2},"end":{"line":22,"column":22}},"12":{"start":{"line":26,"column":0},"end":{"line":56,"column":2}},"13":{"start":{"line":27,"column":2},"end":{"line":27,"column":37}},"14":{"start":{"line":28,"column":2},"end":{"line":28,"column":32}},"15":{"start":{"line":29,"column":2},"end":{"line":29,"column":36}},"16":{"start":{"line":31,"column":2},"end":{"line":41,"column":3}},"17":{"start":{"line":32,"column":4},"end":{"line":34,"column":5}},"18":{"start":{"line":33,"column":6},"end":{"line":33,"column":30}},"19":{"start":{"line":35,"column":4},"end":{"line":37,"column":5}},"20":{"start":{"line":36,"column":6},"end":{"line":36,"column":30}},"21":{"start":{"line":39,"column":4},"end":{"line":39,"column":33}},"22":{"start":{"line":40,"column":4},"end":{"line":40,"column":31}},"23":{"start":{"line":43,"column":2},"end":{"line":47,"column":3}},"24":{"start":{"line":49,"column":2},"end":{"line":55,"column":16}},"25":{"start":{"line":51,"column":6},"end":{"line":51,"column":26}},"26":{"start":{"line":52,"column":6},"end":{"line":52,"column":34}},"27":{"start":{"line":53,"column":6},"end":{"line":53,"column":40}},"28":{"start":{"line":59,"column":0},"end":{"line":76,"column":2}},"29":{"start":{"line":60,"column":2},"end":{"line":60,"column":34}},"30":{"start":{"line":61,"column":2},"end":{"line":75,"column":16}},"31":{"start":{"line":66,"column":4},"end":{"line":66,"column":26}},"32":{"start":{"line":67,"column":4},"end":{"line":67,"column":30}},"33":{"start":{"line":68,"column":4},"end":{"line":70,"column":5}},"34":{"start":{"line":69,"column":6},"end":{"line":69,"column":31}},"35":{"start":{"line":71,"column":4},"end":{"line":74,"column":6}},"36":{"start":{"line":79,"column":0},"end":{"line":93,"column":2}},"37":{"start":{"line":80,"column":2},"end":{"line":80,"column":34}},"38":{"start":{"line":81,"column":2},"end":{"line":81,"column":37}},"39":{"start":{"line":82,"column":2},"end":{"line":92,"column":16}},"40":{"start":{"line":83,"column":4},"end":{"line":85,"column":5}},"41":{"start":{"line":84,"column":6},"end":{"line":84,"column":31}},"42":{"start":{"line":86,"column":4},"end":{"line":88,"column":5}},"43":{"start":{"line":87,"column":6},"end":{"line":87,"column":29}},"44":{"start":{"line":89,"column":4},"end":{"line":91,"column":6}},"45":{"start":{"line":96,"column":0},"end":{"line":128,"column":2}},"46":{"start":{"line":97,"column":2},"end":{"line":97,"column":34}},"47":{"start":{"line":98,"column":2},"end":{"line":98,"column":37}},"48":{"start":{"line":99,"column":2},"end":{"line":99,"column":32}},"49":{"start":{"line":100,"column":2},"end":{"line":100,"column":36}},"50":{"start":{"line":102,"column":2},"end":{"line":112,"column":3}},"51":{"start":{"line":103,"column":4},"end":{"line":105,"column":5}},"52":{"start":{"line":104,"column":6},"end":{"line":104,"column":30}},"53":{"start":{"line":106,"column":4},"end":{"line":108,"column":5}},"54":{"start":{"line":107,"column":6},"end":{"line":107,"column":30}},"55":{"start":{"line":110,"column":4},"end":{"line":110,"column":33}},"56":{"start":{"line":111,"column":4},"end":{"line":111,"column":31}},"57":{"start":{"line":114,"column":2},"end":{"line":127,"column":4}},"58":{"start":{"line":115,"column":4},"end":{"line":117,"column":5}},"59":{"start":{"line":116,"column":6},"end":{"line":116,"column":30}},"60":{"start":{"line":118,"column":4},"end":{"line":120,"column":5}},"61":{"start":{"line":119,"column":6},"end":{"line":119,"column":29}},"62":{"start":{"line":122,"column":4},"end":{"line":126,"column":20}},"63":{"start":{"line":124,"column":8},"end":{"line":124,"column":38}},"64":{"start":{"line":125,"column":8},"end":{"line":125,"column":40}},"65":{"start":{"line":131,"column":0},"end":{"line":148,"column":2}},"66":{"start":{"line":132,"column":2},"end":{"line":132,"column":34}},"67":{"start":{"line":133,"column":2},"end":{"line":133,"column":37}},"68":{"start":{"line":135,"column":2},"end":{"line":147,"column":16}},"69":{"start":{"line":136,"column":4},"end":{"line":138,"column":5}},"70":{"start":{"line":137,"column":6},"end":{"line":137,"column":30}},"71":{"start":{"line":139,"column":4},"end":{"line":141,"column":5}},"72":{"start":{"line":140,"column":6},"end":{"line":140,"column":29}},"73":{"start":{"line":143,"column":4},"end":{"line":146,"column":6}},"74":{"start":{"line":144,"column":6},"end":{"line":144,"column":36}},"75":{"start":{"line":145,"column":6},"end":{"line":145,"column":28}},"76":{"start":{"line":150,"column":0},"end":{"line":150,"column":23}}},"branchMap":{"1":{"line":32,"type":"if","locations":[{"start":{"line":32,"column":4},"end":{"line":32,"column":4}},{"start":{"line":32,"column":4},"end":{"line":32,"column":4}}]},"2":{"line":35,"type":"if","locations":[{"start":{"line":35,"column":4},"end":{"line":35,"column":4}},{"start":{"line":35,"column":4},"end":{"line":35,"column":4}}]},"3":{"line":68,"type":"if","locations":[{"start":{"line":68,"column":4},"end":{"line":68,"column":4}},{"start":{"line":68,"column":4},"end":{"line":68,"column":4}}]},"4":{"line":83,"type":"if","locations":[{"start":{"line":83,"column":4},"end":{"line":83,"column":4}},{"start":{"line":83,"column":4},"end":{"line":83,"column":4}}]},"5":{"line":86,"type":"if","locations":[{"start":{"line":86,"column":4},"end":{"line":86,"column":4}},{"start":{"line":86,"column":4},"end":{"line":86,"column":4}}]},"6":{"line":103,"type":"if","locations":[{"start":{"line":103,"column":4},"end":{"line":103,"column":4}},{"start":{"line":103,"column":4},"end":{"line":103,"column":4}}]},"7":{"line":106,"type":"if","locations":[{"start":{"line":106,"column":4},"end":{"line":106,"column":4}},{"start":{"line":106,"column":4},"end":{"line":106,"column":4}}]},"8":{"line":115,"type":"if","locations":[{"start":{"line":115,"column":4},"end":{"line":115,"column":4}},{"start":{"line":115,"column":4},"end":{"line":115,"column":4}}]},"9":{"line":118,"type":"if","locations":[{"start":{"line":118,"column":4},"end":{"line":118,"column":4}},{"start":{"line":118,"column":4},"end":{"line":118,"column":4}}]},"10":{"line":136,"type":"if","locations":[{"start":{"line":136,"column":4},"end":{"line":136,"column":4}},{"start":{"line":136,"column":4},"end":{"line":136,"column":4}}]},"11":{"line":139,"type":"if","locations":[{"start":{"line":139,"column":4},"end":{"line":139,"column":4}},{"start":{"line":139,"column":4},"end":{"line":139,"column":4}}]}}},"/Users/baijie/Desktop/study/myBlog/models/posts.js":{"path":"/Users/baijie/Desktop/study/myBlog/models/posts.js","s":{"1":1,"2":1,"3":1,"4":1,"5":0,"6":0,"7":0,"8":0,"9":0,"10":0,"11":0,"12":0,"13":0,"14":1,"15":0,"16":0,"17":0,"18":0,"19":0,"20":0,"21":1,"22":0,"23":0,"24":0,"25":0,"26":0,"27":0,"28":0,"29":0,"30":0,"31":0,"32":0,"33":0},"b":{"1":[0,0],"2":[0,0],"3":[0,0],"4":[0,0],"5":[0,0]},"f":{"1":0,"2":0,"3":0,"4":0,"5":0,"6":0,"7":0,"8":0,"9":0,"10":0,"11":0,"12":0,"13":0,"14":0,"15":0,"16":0},"fnMap":{"1":{"name":"(anonymous_1)","line":6,"loc":{"start":{"line":6,"column":13},"end":{"line":6,"column":30}}},"2":{"name":"(anonymous_2)","line":7,"loc":{"start":{"line":7,"column":33},"end":{"line":7,"column":49}}},"3":{"name":"(anonymous_3)","line":8,"loc":{"start":{"line":8,"column":58},"end":{"line":8,"column":83}}},"4":{"name":"(anonymous_4)","line":14,"loc":{"start":{"line":14,"column":16},"end":{"line":14,"column":32}}},"5":{"name":"(anonymous_5)","line":16,"loc":{"start":{"line":16,"column":58},"end":{"line":16,"column":75}}},"6":{"name":"(anonymous_6)","line":26,"loc":{"start":{"line":26,"column":13},"end":{"line":26,"column":30}}},"7":{"name":"(anonymous_7)","line":27,"loc":{"start":{"line":27,"column":21},"end":{"line":27,"column":37}}},"8":{"name":"(anonymous_8)","line":32,"loc":{"start":{"line":32,"column":16},"end":{"line":32,"column":32}}},"9":{"name":"create","line":41,"loc":{"start":{"line":41,"column":10},"end":{"line":41,"column":32}}},"10":{"name":"getPostById","line":44,"loc":{"start":{"line":44,"column":15},"end":{"line":44,"column":44}}},"11":{"name":"getPosts","line":52,"loc":{"start":{"line":52,"column":12},"end":{"line":52,"column":38}}},"12":{"name":"incPv","line":65,"loc":{"start":{"line":65,"column":9},"end":{"line":65,"column":32}}},"13":{"name":"getRawPostById","line":69,"loc":{"start":{"line":69,"column":18},"end":{"line":69,"column":50}}},"14":{"name":"updatePostById","line":74,"loc":{"start":{"line":74,"column":18},"end":{"line":74,"column":56}}},"15":{"name":"delPostById","line":77,"loc":{"start":{"line":77,"column":15},"end":{"line":77,"column":52}}},"16":{"name":"(anonymous_16)","line":79,"loc":{"start":{"line":79,"column":12},"end":{"line":79,"column":27}}}},"statementMap":{"1":{"start":{"line":1,"column":0},"end":{"line":1,"column":32}},"2":{"start":{"line":2,"column":0},"end":{"line":2,"column":41}},"3":{"start":{"line":3,"column":0},"end":{"line":3,"column":42}},"4":{"start":{"line":5,"column":0},"end":{"line":23,"column":2}},"5":{"start":{"line":7,"column":4},"end":{"line":12,"column":7}},"6":{"start":{"line":8,"column":6},"end":{"line":11,"column":8}},"7":{"start":{"line":9,"column":8},"end":{"line":9,"column":42}},"8":{"start":{"line":10,"column":8},"end":{"line":10,"column":19}},"9":{"start":{"line":15,"column":4},"end":{"line":20,"column":5}},"10":{"start":{"line":16,"column":6},"end":{"line":19,"column":8}},"11":{"start":{"line":17,"column":8},"end":{"line":17,"column":34}},"12":{"start":{"line":18,"column":8},"end":{"line":18,"column":19}},"13":{"start":{"line":21,"column":4},"end":{"line":21,"column":15}},"14":{"start":{"line":25,"column":0},"end":{"line":38,"column":2}},"15":{"start":{"line":27,"column":4},"end":{"line":30,"column":6}},"16":{"start":{"line":28,"column":6},"end":{"line":28,"column":41}},"17":{"start":{"line":29,"column":6},"end":{"line":29,"column":17}},"18":{"start":{"line":33,"column":4},"end":{"line":35,"column":5}},"19":{"start":{"line":34,"column":6},"end":{"line":34,"column":41}},"20":{"start":{"line":36,"column":4},"end":{"line":36,"column":15}},"21":{"start":{"line":40,"column":0},"end":{"line":86,"column":1}},"22":{"start":{"line":42,"column":4},"end":{"line":42,"column":35}},"23":{"start":{"line":45,"column":4},"end":{"line":50,"column":13}},"24":{"start":{"line":53,"column":4},"end":{"line":53,"column":20}},"25":{"start":{"line":54,"column":4},"end":{"line":56,"column":5}},"26":{"start":{"line":55,"column":6},"end":{"line":55,"column":27}},"27":{"start":{"line":57,"column":4},"end":{"line":63,"column":13}},"28":{"start":{"line":66,"column":4},"end":{"line":67,"column":13}},"29":{"start":{"line":70,"column":4},"end":{"line":72,"column":13}},"30":{"start":{"line":75,"column":4},"end":{"line":75,"column":62}},"31":{"start":{"line":78,"column":4},"end":{"line":83,"column":8}},"32":{"start":{"line":80,"column":8},"end":{"line":82,"column":9}},"33":{"start":{"line":81,"column":10},"end":{"line":81,"column":57}}},"branchMap":{"1":{"line":15,"type":"if","locations":[{"start":{"line":15,"column":4},"end":{"line":15,"column":4}},{"start":{"line":15,"column":4},"end":{"line":15,"column":4}}]},"2":{"line":33,"type":"if","locations":[{"start":{"line":33,"column":4},"end":{"line":33,"column":4}},{"start":{"line":33,"column":4},"end":{"line":33,"column":4}}]},"3":{"line":54,"type":"if","locations":[{"start":{"line":54,"column":4},"end":{"line":54,"column":4}},{"start":{"line":54,"column":4},"end":{"line":54,"column":4}}]},"4":{"line":80,"type":"if","locations":[{"start":{"line":80,"column":8},"end":{"line":80,"column":8}},{"start":{"line":80,"column":8},"end":{"line":80,"column":8}}]},"5":{"line":80,"type":"binary-expr","locations":[{"start":{"line":80,"column":12},"end":{"line":80,"column":25}},{"start":{"line":80,"column":29},"end":{"line":80,"column":45}}]}}},"/Users/baijie/Desktop/study/myBlog/models/comments.js":{"path":"/Users/baijie/Desktop/study/myBlog/models/comments.js","s":{"1":1,"2":1,"3":1,"4":0,"5":0,"6":0,"7":1,"8":0,"9":0,"10":0,"11":0,"12":0,"13":0},"b":{},"f":{"1":0,"2":0,"3":0,"4":0,"5":0,"6":0,"7":0,"8":0},"fnMap":{"1":{"name":"(anonymous_1)","line":5,"loc":{"start":{"line":5,"column":13},"end":{"line":5,"column":33}}},"2":{"name":"(anonymous_2)","line":6,"loc":{"start":{"line":6,"column":24},"end":{"line":6,"column":43}}},"3":{"name":"create","line":14,"loc":{"start":{"line":14,"column":10},"end":{"line":14,"column":35}}},"4":{"name":"getCommentById","line":17,"loc":{"start":{"line":17,"column":18},"end":{"line":17,"column":53}}},"5":{"name":"delCommentById","line":20,"loc":{"start":{"line":20,"column":18},"end":{"line":20,"column":53}}},"6":{"name":"delCommentsByPostId","line":23,"loc":{"start":{"line":23,"column":23},"end":{"line":23,"column":60}}},"7":{"name":"getComments","line":26,"loc":{"start":{"line":26,"column":15},"end":{"line":26,"column":44}}},"8":{"name":"getCommentsCount","line":34,"loc":{"start":{"line":34,"column":20},"end":{"line":34,"column":54}}}},"statementMap":{"1":{"start":{"line":1,"column":0},"end":{"line":1,"column":32}},"2":{"start":{"line":2,"column":0},"end":{"line":2,"column":47}},"3":{"start":{"line":4,"column":0},"end":{"line":11,"column":2}},"4":{"start":{"line":6,"column":4},"end":{"line":9,"column":6}},"5":{"start":{"line":7,"column":6},"end":{"line":7,"column":47}},"6":{"start":{"line":8,"column":6},"end":{"line":8,"column":20}},"7":{"start":{"line":13,"column":0},"end":{"line":37,"column":1}},"8":{"start":{"line":15,"column":4},"end":{"line":15,"column":41}},"9":{"start":{"line":18,"column":4},"end":{"line":18,"column":53}},"10":{"start":{"line":21,"column":4},"end":{"line":21,"column":55}},"11":{"start":{"line":24,"column":4},"end":{"line":24,"column":56}},"12":{"start":{"line":27,"column":4},"end":{"line":32,"column":13}},"13":{"start":{"line":35,"column":4},"end":{"line":35,"column":51}}},"branchMap":{}},"/Users/baijie/Desktop/study/myBlog/routes/comments.js":{"path":"/Users/baijie/Desktop/study/myBlog/routes/comments.js","s":{"1":1,"2":1,"3":1,"4":1,"5":1,"6":0,"7":0,"8":0,"9":0,"10":0,"11":0,"12":0,"13":0,"14":0,"15":0,"16":0,"17":0,"18":1,"19":0,"20":0,"21":0,"22":0,"23":0,"24":0,"25":0,"26":0,"27":0,"28":0,"29":1},"b":{"1":[0,0],"2":[0,0],"3":[0,0]},"f":{"1":0,"2":0,"3":0,"4":0,"5":0},"fnMap":{"1":{"name":"(anonymous_1)","line":7,"loc":{"start":{"line":7,"column":29},"end":{"line":7,"column":55}}},"2":{"name":"(anonymous_2)","line":27,"loc":{"start":{"line":27,"column":36},"end":{"line":27,"column":48}}},"3":{"name":"(anonymous_3)","line":34,"loc":{"start":{"line":34,"column":45},"end":{"line":34,"column":71}}},"4":{"name":"(anonymous_4)","line":38,"loc":{"start":{"line":38,"column":46},"end":{"line":38,"column":65}}},"5":{"name":"(anonymous_5)","line":45,"loc":{"start":{"line":45,"column":48},"end":{"line":45,"column":60}}}},"statementMap":{"1":{"start":{"line":1,"column":0},"end":{"line":1,"column":34}},"2":{"start":{"line":2,"column":0},"end":{"line":2,"column":31}},"3":{"start":{"line":3,"column":0},"end":{"line":3,"column":61}},"4":{"start":{"line":4,"column":0},"end":{"line":4,"column":50}},"5":{"start":{"line":7,"column":0},"end":{"line":31,"column":2}},"6":{"start":{"line":8,"column":2},"end":{"line":8,"column":37}},"7":{"start":{"line":9,"column":2},"end":{"line":9,"column":34}},"8":{"start":{"line":10,"column":2},"end":{"line":10,"column":36}},"9":{"start":{"line":12,"column":2},"end":{"line":19,"column":3}},"10":{"start":{"line":13,"column":4},"end":{"line":15,"column":5}},"11":{"start":{"line":14,"column":6},"end":{"line":14,"column":32}},"12":{"start":{"line":17,"column":4},"end":{"line":17,"column":33}},"13":{"start":{"line":18,"column":4},"end":{"line":18,"column":31}},"14":{"start":{"line":21,"column":2},"end":{"line":25,"column":3}},"15":{"start":{"line":27,"column":2},"end":{"line":30,"column":16}},"16":{"start":{"line":28,"column":4},"end":{"line":28,"column":32}},"17":{"start":{"line":29,"column":4},"end":{"line":29,"column":24}},"18":{"start":{"line":34,"column":0},"end":{"line":50,"column":2}},"19":{"start":{"line":35,"column":2},"end":{"line":35,"column":40}},"20":{"start":{"line":36,"column":2},"end":{"line":36,"column":37}},"21":{"start":{"line":38,"column":2},"end":{"line":49,"column":4}},"22":{"start":{"line":39,"column":4},"end":{"line":41,"column":5}},"23":{"start":{"line":40,"column":6},"end":{"line":40,"column":30}},"24":{"start":{"line":42,"column":4},"end":{"line":44,"column":5}},"25":{"start":{"line":43,"column":6},"end":{"line":43,"column":33}},"26":{"start":{"line":45,"column":4},"end":{"line":48,"column":18}},"27":{"start":{"line":46,"column":6},"end":{"line":46,"column":35}},"28":{"start":{"line":47,"column":6},"end":{"line":47,"column":26}},"29":{"start":{"line":52,"column":0},"end":{"line":52,"column":23}}},"branchMap":{"1":{"line":13,"type":"if","locations":[{"start":{"line":13,"column":4},"end":{"line":13,"column":4}},{"start":{"line":13,"column":4},"end":{"line":13,"column":4}}]},"2":{"line":39,"type":"if","locations":[{"start":{"line":39,"column":4},"end":{"line":39,"column":4}},{"start":{"line":39,"column":4},"end":{"line":39,"column":4}}]},"3":{"line":42,"type":"if","locations":[{"start":{"line":42,"column":4},"end":{"line":42,"column":4}},{"start":{"line":42,"column":4},"end":{"line":42,"column":4}}]}}}}